<?xml version="1.0" encoding="UTF-8"?>
<!-- Generated by org.testng.reporters.JUnitReportReporter -->
<testsuite skipped="0" hostname="BDC7-L-6441R9C" name="firsttestngpackage.FirstTestNGFile" tests="1" failures="0" timestamp="14 Aug 2017 07:00:19 GMT" time="0.196" errors="0">
  <testcase name="verifyHomepageTitle" time="0.196" classname="firsttestngpackage.FirstTestNGFile"/>
</testsuite> <!-- firsttestngpackage.FirstTestNGFile -->
