<?xml version="1.0" encoding="UTF-8"?>
<!-- Generated by org.testng.reporters.JUnitReportReporter -->
<testsuite skipped="0" hostname="BDC7-L-6441R9C" name="firsttestngpackage.AddPHNLocal" tests="1" failures="0" timestamp="30 Aug 2017 07:49:51 GMT" time="50.040" errors="0">
  <testcase name="createPHN" time="50.040" classname="firsttestngpackage.AddPHNLocal"/>
</testsuite> <!-- firsttestngpackage.AddPHNLocal -->
