<?xml version="1.0" encoding="UTF-8"?>
<!-- Generated by org.testng.reporters.JUnitReportReporter -->
<testsuite skipped="0" hostname="BDC7-L-6441R9C" name="firsttestngpackage.ParallelExecutionSampleRemote" tests="4" failures="0" timestamp="19 Sep 2017 09:10:40 GMT" time="29.092" errors="0">
  <testcase name="calculatepercent" time="0.841" classname="firsttestngpackage.ParallelExecutionSampleRemote"/>
  <testcase name="calculatepercent" time="1.367" classname="firsttestngpackage.ParallelExecutionSampleRemote"/>
  <testcase name="calculatepercent" time="1.883" classname="firsttestngpackage.ParallelExecutionSampleRemote"/>
  <testcase name="calculatepercent" time="25.001" classname="firsttestngpackage.ParallelExecutionSampleRemote"/>
</testsuite> <!-- firsttestngpackage.ParallelExecutionSampleRemote -->
