<?xml version="1.0" encoding="UTF-8"?>
<!-- Generated by org.testng.reporters.JUnitReportReporter -->
<testsuite skipped="0" hostname="BDC7-L-6441R9C" name="firsttestngpackage.FailedLogin" tests="2" failures="0" timestamp="30 Aug 2017 06:26:23 GMT" time="22.224" errors="0">
  <testcase name="createEmergency" time="12.153" classname="firsttestngpackage.FailedLogin"/>
  <testcase name="createEmergency" time="10.071" classname="firsttestngpackage.FailedLogin"/>
</testsuite> <!-- firsttestngpackage.FailedLogin -->
