<?xml version="1.0" encoding="UTF-8"?>
<!-- Generated by org.testng.reporters.JUnitReportReporter -->
<testsuite skipped="0" hostname="BDC7-L-6441R9C" name="firsttestngpackage.SecondTestNGFile" tests="2" failures="0" timestamp="10 Aug 2017 04:23:18 GMT" time="17.952" errors="0">
  <testcase name="register" time="8.769" classname="firsttestngpackage.SecondTestNGFile"/>
  <testcase name="support" time="9.183" classname="firsttestngpackage.SecondTestNGFile"/>
</testsuite> <!-- firsttestngpackage.SecondTestNGFile -->
