<?xml version="1.0" encoding="UTF-8"?>
<!-- Generated by org.testng.reporters.JUnitReportReporter -->
<testsuite skipped="0" hostname="BDC7-L-6441R9C" name="firsttestngpackage.NCPCreateEmergencyContact" tests="2" failures="0" timestamp="30 Aug 2017 07:52:52 GMT" time="161.369" errors="0">
  <testcase name="createEmergency" time="75.597" classname="firsttestngpackage.NCPCreateEmergencyContact"/>
  <testcase name="createEmergency" time="85.772" classname="firsttestngpackage.NCPCreateEmergencyContact"/>
</testsuite> <!-- firsttestngpackage.NCPCreateEmergencyContact -->
